c:\users\bifen\downloads\final project\makeithome15 skeleton\debug\vc141.pdb
c:\users\bifen\downloads\final project\makeithome15 skeleton\debug\vc141.idb
c:\users\bifen\downloads\final project\makeithome15 skeleton\debug\bitmap.obj
c:\users\bifen\downloads\final project\makeithome15 skeleton\debug\camera.obj
c:\users\bifen\downloads\final project\makeithome15 skeleton\debug\modelerapp.obj
c:\users\bifen\downloads\final project\makeithome15 skeleton\debug\modelerdraw.obj
c:\users\bifen\downloads\final project\makeithome15 skeleton\debug\modelerui.obj
c:\users\bifen\downloads\final project\makeithome15 skeleton\debug\modelerview.obj
c:\users\bifen\downloads\final project\makeithome15 skeleton\debug\furnitures.obj
c:\users\bifen\downloads\final project\makeithome15 skeleton\debug\sample.obj
c:\users\bifen\downloads\final project\makeithome15 skeleton\debug\mcmc.obj
c:\users\bifen\downloads\final project\makeithome15 skeleton\debug\util.obj
c:\users\bifen\downloads\final project\makeithome15 skeleton\debug\modeler.exe
c:\users\bifen\downloads\final project\makeithome15 skeleton\debug\modeler.ilk
c:\users\bifen\downloads\final project\makeithome15 skeleton\debug\modeler.pdb
c:\users\bifen\downloads\final project\makeithome15 skeleton\.\debug\modeler.exe
c:\users\bifen\downloads\final project\makeithome15 skeleton\debug\modeler.tlog\cl.command.1.tlog
c:\users\bifen\downloads\final project\makeithome15 skeleton\debug\modeler.tlog\cl.read.1.tlog
c:\users\bifen\downloads\final project\makeithome15 skeleton\debug\modeler.tlog\cl.write.1.tlog
c:\users\bifen\downloads\final project\makeithome15 skeleton\debug\modeler.tlog\link.command.1.tlog
c:\users\bifen\downloads\final project\makeithome15 skeleton\debug\modeler.tlog\link.read.1.tlog
c:\users\bifen\downloads\final project\makeithome15 skeleton\debug\modeler.tlog\link.write.1.tlog
